<?xml version="1.0" encoding="UTF-8"?>
<testng-results ignored="0" total="1" passed="1" failed="0" skipped="0">
  <reporter-output>
  </reporter-output>
  <suite started-at="2024-03-05T15:35:07 IST" name="Default suite" finished-at="2024-03-05T15:35:16 IST" duration-ms="8987">
    <groups>
    </groups>
    <test started-at="2024-03-05T15:35:07 IST" name="Default test" finished-at="2024-03-05T15:35:16 IST" duration-ms="8987">
      <class name="Assingments.TestCase">
        <test-method signature="nike()[pri:97, instance:Assingments.TestCase@76b1e9b8]" started-at="2024-03-05T15:35:07 IST" name="nike" finished-at="2024-03-05T15:35:16 IST" duration-ms="8912" status="PASS">
          <reporter-output>
          </reporter-output>
        </test-method> <!-- nike -->
      </class> <!-- Assingments.TestCase -->
    </test> <!-- Default test -->
  </suite> <!-- Default suite -->
</testng-results>
